[13:33:54] [Server thread/INFO]: Starting minecraft server version 1.11.2
[13:33:54] [Server thread/INFO]: Loading properties
[13:33:54] [Server thread/INFO]: Default game type: SURVIVAL
[13:33:54] [Server thread/INFO]: This server is running CraftBukkit version git-Spigot-7d78b81-613be0d (MC: 1.11.2) (Implementing API version 1.11.2-R0.1-SNAPSHOT)
[13:33:54] [Server thread/INFO]: Debug logging is disabled
[13:33:54] [Server thread/INFO]: Server Ping Player Sample Count: 12
[13:33:54] [Server thread/INFO]: Using 4 threads for Netty based IO
[13:33:54] [Server thread/INFO]: Generating keypair
[13:33:54] [Server thread/INFO]: Starting Minecraft server on *:25565
[13:33:54] [Server thread/INFO]: Using default channel type
[13:33:54] [Server thread/INFO]: **** Beginning UUID conversion, this may take A LONG time ****
[13:33:54] [Server thread/INFO]: Preparing level "world"
[13:33:54] [Server thread/INFO]: -------- World Settings For [world] --------
[13:33:54] [Server thread/INFO]: Allow Zombie Pigmen to spawn from portal blocks: true
[13:33:54] [Server thread/INFO]: Item Despawn Rate: 6000
[13:33:54] [Server thread/INFO]: Item Merge Radius: 2.5
[13:33:54] [Server thread/INFO]: Arrow Despawn Rate: 1200
[13:33:54] [Server thread/INFO]: View Distance: 10
[13:33:54] [Server thread/INFO]: Entity Activation Range: An 32 / Mo 32 / Mi 16
[13:33:54] [Server thread/INFO]: Tile Max Tick Time: 50ms Entity max Tick Time: 50ms
[13:33:54] [Server thread/INFO]: Max TNT Explosions: 100
[13:33:54] [Server thread/INFO]: Entity Tracking Range: Pl 48 / An 48 / Mo 48 / Mi 32 / Other 64
[13:33:54] [Server thread/INFO]: Cactus Growth Modifier: 100%
[13:33:54] [Server thread/INFO]: Cane Growth Modifier: 100%
[13:33:54] [Server thread/INFO]: Melon Growth Modifier: 100%
[13:33:54] [Server thread/INFO]: Mushroom Growth Modifier: 100%
[13:33:54] [Server thread/INFO]: Pumpkin Growth Modifier: 100%
[13:33:54] [Server thread/INFO]: Sapling Growth Modifier: 100%
[13:33:54] [Server thread/INFO]: Wheat Growth Modifier: 100%
[13:33:54] [Server thread/INFO]: NetherWart Growth Modifier: 100%
[13:33:54] [Server thread/INFO]: Vine Growth Modifier: 100%
[13:33:54] [Server thread/INFO]: Cocoa Growth Modifier: 100%
[13:33:54] [Server thread/INFO]: Hopper Transfer: 8 Hopper Check: 8 Hopper Amount: 1
[13:33:54] [Server thread/INFO]: Random Lighting Updates: false
[13:33:54] [Server thread/INFO]: Structure Info Saving: true
[13:33:54] [Server thread/INFO]: Mob Spawn Range: 4
[13:33:54] [Server thread/INFO]: Nerfing mobs spawned from spawners: false
[13:33:54] [Server thread/INFO]: Experience Merge Radius: 3.0
[13:33:54] [Server thread/INFO]: Zombie Aggressive Towards Villager: true
[13:33:54] [Server thread/INFO]: Custom Map Seeds:  Village: 10387312 Feature: 14357617
[13:33:55] [Server thread/INFO]: -------- World Settings For [world_nether] --------
[13:33:55] [Server thread/INFO]: Allow Zombie Pigmen to spawn from portal blocks: true
[13:33:55] [Server thread/INFO]: Item Despawn Rate: 6000
[13:33:55] [Server thread/INFO]: Item Merge Radius: 2.5
[13:33:55] [Server thread/INFO]: Arrow Despawn Rate: 1200
[13:33:55] [Server thread/INFO]: View Distance: 10
[13:33:55] [Server thread/INFO]: Entity Activation Range: An 32 / Mo 32 / Mi 16
[13:33:55] [Server thread/INFO]: Tile Max Tick Time: 50ms Entity max Tick Time: 50ms
[13:33:55] [Server thread/INFO]: Max TNT Explosions: 100
[13:33:55] [Server thread/INFO]: Entity Tracking Range: Pl 48 / An 48 / Mo 48 / Mi 32 / Other 64
[13:33:55] [Server thread/INFO]: Cactus Growth Modifier: 100%
[13:33:55] [Server thread/INFO]: Cane Growth Modifier: 100%
[13:33:55] [Server thread/INFO]: Melon Growth Modifier: 100%
[13:33:55] [Server thread/INFO]: Mushroom Growth Modifier: 100%
[13:33:55] [Server thread/INFO]: Pumpkin Growth Modifier: 100%
[13:33:55] [Server thread/INFO]: Sapling Growth Modifier: 100%
[13:33:55] [Server thread/INFO]: Wheat Growth Modifier: 100%
[13:33:55] [Server thread/INFO]: NetherWart Growth Modifier: 100%
[13:33:55] [Server thread/INFO]: Vine Growth Modifier: 100%
[13:33:55] [Server thread/INFO]: Cocoa Growth Modifier: 100%
[13:33:55] [Server thread/INFO]: Hopper Transfer: 8 Hopper Check: 8 Hopper Amount: 1
[13:33:55] [Server thread/INFO]: Random Lighting Updates: false
[13:33:55] [Server thread/INFO]: Structure Info Saving: true
[13:33:55] [Server thread/INFO]: Mob Spawn Range: 4
[13:33:55] [Server thread/INFO]: Nerfing mobs spawned from spawners: false
[13:33:55] [Server thread/INFO]: Experience Merge Radius: 3.0
[13:33:55] [Server thread/INFO]: Zombie Aggressive Towards Villager: true
[13:33:55] [Server thread/INFO]: Custom Map Seeds:  Village: 10387312 Feature: 14357617
[13:33:55] [Server thread/INFO]: -------- World Settings For [world_the_end] --------
[13:33:55] [Server thread/INFO]: Allow Zombie Pigmen to spawn from portal blocks: true
[13:33:55] [Server thread/INFO]: Item Despawn Rate: 6000
[13:33:55] [Server thread/INFO]: Item Merge Radius: 2.5
[13:33:55] [Server thread/INFO]: Arrow Despawn Rate: 1200
[13:33:55] [Server thread/INFO]: View Distance: 10
[13:33:55] [Server thread/INFO]: Entity Activation Range: An 32 / Mo 32 / Mi 16
[13:33:55] [Server thread/INFO]: Tile Max Tick Time: 50ms Entity max Tick Time: 50ms
[13:33:55] [Server thread/INFO]: Max TNT Explosions: 100
[13:33:55] [Server thread/INFO]: Entity Tracking Range: Pl 48 / An 48 / Mo 48 / Mi 32 / Other 64
[13:33:55] [Server thread/INFO]: Cactus Growth Modifier: 100%
[13:33:55] [Server thread/INFO]: Cane Growth Modifier: 100%
[13:33:55] [Server thread/INFO]: Melon Growth Modifier: 100%
[13:33:55] [Server thread/INFO]: Mushroom Growth Modifier: 100%
[13:33:55] [Server thread/INFO]: Pumpkin Growth Modifier: 100%
[13:33:55] [Server thread/INFO]: Sapling Growth Modifier: 100%
[13:33:55] [Server thread/INFO]: Wheat Growth Modifier: 100%
[13:33:55] [Server thread/INFO]: NetherWart Growth Modifier: 100%
[13:33:55] [Server thread/INFO]: Vine Growth Modifier: 100%
[13:33:55] [Server thread/INFO]: Cocoa Growth Modifier: 100%
[13:33:55] [Server thread/INFO]: Hopper Transfer: 8 Hopper Check: 8 Hopper Amount: 1
[13:33:55] [Server thread/INFO]: Random Lighting Updates: false
[13:33:55] [Server thread/INFO]: Structure Info Saving: true
[13:33:55] [Server thread/INFO]: Mob Spawn Range: 4
[13:33:55] [Server thread/INFO]: Nerfing mobs spawned from spawners: false
[13:33:55] [Server thread/INFO]: Experience Merge Radius: 3.0
[13:33:55] [Server thread/INFO]: Zombie Aggressive Towards Villager: true
[13:33:55] [Server thread/INFO]: Custom Map Seeds:  Village: 10387312 Feature: 14357617
[13:33:55] [Server thread/INFO]: Preparing start region for level 0 (Seed: -4299563498692293660)
[13:33:56] [Server thread/INFO]: Preparing spawn area: 7%
[13:33:57] [Server thread/INFO]: Preparing spawn area: 14%
[13:33:58] [Server thread/INFO]: Preparing spawn area: 21%
[13:33:59] [Server thread/INFO]: Preparing spawn area: 29%
[13:34:00] [Server thread/INFO]: Preparing spawn area: 38%
[13:34:01] [Server thread/INFO]: Preparing spawn area: 45%
[13:34:02] [Server thread/INFO]: Preparing spawn area: 53%
[13:34:03] [Server thread/INFO]: Preparing spawn area: 59%
[13:34:04] [Server thread/INFO]: Preparing spawn area: 67%
[13:34:05] [Server thread/INFO]: Preparing spawn area: 76%
[13:34:06] [Server thread/INFO]: Preparing spawn area: 85%
[13:34:07] [Server thread/INFO]: Preparing spawn area: 94%
[13:34:08] [Server thread/INFO]: Preparing start region for level 1 (Seed: -4299563498692293660)
[13:34:09] [Server thread/INFO]: Preparing spawn area: 12%
[13:34:10] [Server thread/INFO]: Preparing spawn area: 27%
[13:34:11] [Server thread/INFO]: Preparing spawn area: 40%
[13:34:12] [Server thread/INFO]: Preparing spawn area: 53%
[13:34:13] [Server thread/INFO]: Preparing spawn area: 64%
[13:34:14] [Server thread/INFO]: Preparing spawn area: 77%
[13:34:15] [Server thread/INFO]: Preparing spawn area: 90%
[13:34:16] [Server thread/INFO]: Preparing start region for level 2 (Seed: -4299563498692293660)
[13:34:17] [Server thread/INFO]: Preparing spawn area: 46%
[13:34:18] [Server thread/INFO]: Preparing spawn area: 92%
[13:34:18] [Server thread/INFO]: Server permissions file permissions.yml is empty, ignoring it
[13:34:18] [Server thread/INFO]: Done (23.674s)! For help, type "help" or "?"
[13:34:45] [User Authenticator #1/INFO]: UUID of player Madefunk is 8d5a1f0d-4f9a-47d9-a330-615c994a7011
[13:34:45] [Server thread/INFO]: Madefunk[/127.0.0.1:10827] logged in with entity id 2314 at ([world]208.5, 90.0, 250.5)
[13:35:21] [Server thread/INFO]: Madefunk lost connection: Disconnected
[13:35:21] [Server thread/INFO]: Madefunk left the game
